{"incident_id": "5836BD2B", "timestamp": "2026-04-17T14:37:38.070888", "incident_type": "Hazmat", "zone": "South", "severity": "medium", "response_time": 3238.49, "unit_id": "UNIT-101", "hospital_id": "HOSP-B", "priority": "Standard"}
{"incident_id": "D33905AF", "timestamp": "2026-04-17T14:37:39.229811", "incident_type": "Accident", "zone": "Central", "severity": "low", "response_time": 696.5, "unit_id": "UNIT-303", "hospital_id": "HOSP-C", "priority": "Standard"}
{"incident_id": "D0F8DEF6", "timestamp": "2026-04-17T14:37:40.243805", "incident_type": "Accident", "zone": "East", "severity": "high", "response_time": 690.95, "unit_id": "UNIT-404", "hospital_id": "HOSP-A", "priority": "Standard"}
{"incident_id": "AD3EEBB7", "timestamp": "2026-04-17T14:37:41.253224", "incident_type": "Police", "zone": "West", "severity": "low", "response_time": 491.3, "unit_id": "UNIT-202", "hospital_id": "HOSP-A", "priority": "Standard"}
{"incident_id": "B17EBFBA", "timestamp": "2026-04-17T14:37:42.262279", "incident_type": "Police", "zone": "North", "severity": "critical", "response_time": 687.06, "unit_id": "UNIT-303", "hospital_id": "HOSP-A", "priority": "Critical"}
{"incident_id": "0FFBF269", "timestamp": "2026-04-17T14:37:43.274419", "incident_type": "Medical", "zone": "South", "severity": "medium", "response_time": 2848.84, "unit_id": "UNIT-202", "hospital_id": "HOSP-B", "priority": "Standard"}
{"incident_id": "F6E89808", "timestamp": "2026-04-17T14:37:44.281442", "incident_type": "Medical", "zone": "Central", "severity": "critical", "response_time": 3013.8, "unit_id": "UNIT-505", "hospital_id": "HOSP-B", "priority": "Critical"}
{"incident_id": "2A5A18EA", "timestamp": "2026-04-17T14:37:45.290897", "incident_type": "Medical", "zone": "Central", "severity": "high", "response_time": 1785.85, "unit_id": "UNIT-303", "hospital_id": "HOSP-C", "priority": "Standard"}
{"incident_id": "3CB5262D", "timestamp": "2026-04-17T14:37:46.300349", "incident_type": "Police", "zone": "South", "severity": "medium", "response_time": 2889.97, "unit_id": "UNIT-404", "hospital_id": "HOSP-B", "priority": "Standard"}
{"incident_id": "908C5B3A", "timestamp": "2026-04-17T14:37:47.309004", "incident_type": "Accident", "zone": "South", "severity": "low", "response_time": 1794.99, "unit_id": "UNIT-101", "hospital_id": "HOSP-B", "priority": "Standard"}
{"incident_id": "892568DB", "timestamp": "2026-04-17T14:37:48.317334", "incident_type": "Hazmat", "zone": "North", "severity": "medium", "response_time": 3188.85, "unit_id": "UNIT-101", "hospital_id": "HOSP-C", "priority": "Standard"}
{"incident_id": "B0258487", "timestamp": "2026-04-17T14:37:49.325558", "incident_type": "Police", "zone": "Central", "severity": "low", "response_time": 2471.76, "unit_id": "UNIT-505", "hospital_id": "HOSP-B", "priority": "Standard"}
{"incident_id": "2D5F90F5", "timestamp": "2026-04-17T14:37:50.330242", "incident_type": "Police", "zone": "North", "severity": "low", "response_time": 1962.92, "unit_id": "UNIT-505", "hospital_id": "HOSP-A", "priority": "Standard"}
{"incident_id": "E9DA81F7", "timestamp": "2026-04-17T14:37:51.340763", "incident_type": "Fire", "zone": "East", "severity": "low", "response_time": 3366.91, "unit_id": "UNIT-101", "hospital_id": "HOSP-A", "priority": "Standard"}
{"incident_id": "127476A9", "timestamp": "2026-04-17T14:37:52.346932", "incident_type": "Accident", "zone": "West", "severity": "high", "response_time": 1377.42, "unit_id": "UNIT-202", "hospital_id": "HOSP-B", "priority": "Standard"}
{"incident_id": "3AF9662F", "timestamp": "2026-04-17T14:37:53.356477", "incident_type": "Medical", "zone": "West", "severity": "high", "response_time": 3262.15, "unit_id": "UNIT-303", "hospital_id": "HOSP-B", "priority": "Standard"}
{"incident_id": "4904D087", "timestamp": "2026-04-17T14:37:54.363527", "incident_type": "Police", "zone": "East", "severity": "low", "response_time": 3179.23, "unit_id": "UNIT-404", "hospital_id": "HOSP-C", "priority": "Standard"}
{"incident_id": "D03CE573", "timestamp": "2026-04-17T14:37:55.370967", "incident_type": "Police", "zone": "East", "severity": "high", "response_time": 2814.04, "unit_id": "UNIT-404", "hospital_id": "HOSP-C", "priority": "Standard"}
{"incident_id": "895C7AD4", "timestamp": "2026-04-17T14:37:56.379077", "incident_type": "Hazmat", "zone": "South", "severity": "critical", "response_time": 3399.96, "unit_id": "UNIT-303", "hospital_id": "HOSP-A", "priority": "Critical"}
{"incident_id": "A4EF250B", "timestamp": "2026-04-17T14:37:57.389544", "incident_type": "Fire", "zone": "East", "severity": "low", "response_time": 1192.21, "unit_id": "UNIT-101", "hospital_id": "HOSP-C", "priority": "Standard"}
{"incident_id": "AFCA5CCE", "timestamp": "2026-04-17T14:37:58.397629", "incident_type": "Hazmat", "zone": "South", "severity": "low", "response_time": 3453.0, "unit_id": "UNIT-202", "hospital_id": "HOSP-C", "priority": "Standard"}
{"incident_id": "2B439034", "timestamp": "2026-04-17T14:37:59.407610", "incident_type": "Fire", "zone": "East", "severity": "critical", "response_time": 1629.83, "unit_id": "UNIT-202", "hospital_id": "HOSP-C", "priority": "Critical"}
{"incident_id": "1B6CBD88", "timestamp": "2026-04-17T14:38:00.418763", "incident_type": "Fire", "zone": "Central", "severity": "medium", "response_time": 2527.7, "unit_id": "UNIT-202", "hospital_id": "HOSP-B", "priority": "Standard"}
{"incident_id": "786C8E30", "timestamp": "2026-04-17T14:38:01.430645", "incident_type": "Fire", "zone": "East", "severity": "high", "response_time": 1524.29, "unit_id": "UNIT-101", "hospital_id": "HOSP-B", "priority": "Standard"}
{"incident_id": "44F1DC40", "timestamp": "2026-04-17T14:38:02.441105", "incident_type": "Accident", "zone": "Central", "severity": "critical", "response_time": 3131.72, "unit_id": "UNIT-505", "hospital_id": "HOSP-B", "priority": "Critical"}
{"incident_id": "5A36B0FD", "timestamp": "2026-04-17T14:38:03.450531", "incident_type": "Hazmat", "zone": "East", "severity": "low", "response_time": 2105.07, "unit_id": "UNIT-404", "hospital_id": "HOSP-C", "priority": "Standard"}
{"incident_id": "B447A474", "timestamp": "2026-04-17T14:38:04.461245", "incident_type": "Fire", "zone": "Central", "severity": "medium", "response_time": 1483.98, "unit_id": "UNIT-303", "hospital_id": "HOSP-A", "priority": "Standard"}
{"incident_id": "2FA8EE42", "timestamp": "2026-04-17T14:38:05.472320", "incident_type": "Accident", "zone": "West", "severity": "high", "response_time": 2668.59, "unit_id": "UNIT-505", "hospital_id": "HOSP-C", "priority": "Standard"}
{"incident_id": "3DFEA621", "timestamp": "2026-04-17T14:38:06.481598", "incident_type": "Medical", "zone": "North", "severity": "low", "response_time": 1832.12, "unit_id": "UNIT-101", "hospital_id": "HOSP-B", "priority": "Standard"}
{"incident_id": "437B4D62", "timestamp": "2026-04-17T14:38:07.495325", "incident_type": "Police", "zone": "South", "severity": "high", "response_time": 3377.78, "unit_id": "UNIT-303", "hospital_id": "HOSP-B", "priority": "Standard"}
{"incident_id": "CC388A22", "timestamp": "2026-04-17T14:38:08.504638", "incident_type": "Fire", "zone": "North", "severity": "high", "response_time": 2468.33, "unit_id": "UNIT-303", "hospital_id": "HOSP-B", "priority": "Standard"}
{"incident_id": "B89C829D", "timestamp": "2026-04-17T14:38:09.513048", "incident_type": "Fire", "zone": "Central", "severity": "high", "response_time": 2781.76, "unit_id": "UNIT-202", "hospital_id": "HOSP-A", "priority": "Standard"}
{"incident_id": "94F4244C", "timestamp": "2026-04-17T14:38:10.521979", "incident_type": "Accident", "zone": "West", "severity": "high", "response_time": 1598.79, "unit_id": "UNIT-505", "hospital_id": "HOSP-C", "priority": "Standard"}
{"incident_id": "541E109A", "timestamp": "2026-04-17T14:38:11.528344", "incident_type": "Police", "zone": "East", "severity": "medium", "response_time": 537.25, "unit_id": "UNIT-202", "hospital_id": "HOSP-A", "priority": "Standard"}
{"incident_id": "72E40E1E", "timestamp": "2026-04-17T14:38:12.539838", "incident_type": "Fire", "zone": "East", "severity": "low", "response_time": 1829.36, "unit_id": "UNIT-303", "hospital_id": "HOSP-B", "priority": "Standard"}
{"incident_id": "21B7EC56", "timestamp": "2026-04-17T14:38:13.548614", "incident_type": "Fire", "zone": "Central", "severity": "medium", "response_time": 1720.99, "unit_id": "UNIT-505", "hospital_id": "HOSP-C", "priority": "Standard"}
{"incident_id": "ADB8CC38", "timestamp": "2026-04-17T14:38:14.556310", "incident_type": "Hazmat", "zone": "South", "severity": "low", "response_time": 2490.96, "unit_id": "UNIT-202", "hospital_id": "HOSP-A", "priority": "Standard"}
{"incident_id": "AF69C13A", "timestamp": "2026-04-17T14:38:15.563066", "incident_type": "Accident", "zone": "South", "severity": "critical", "response_time": 625.98, "unit_id": "UNIT-404", "hospital_id": "HOSP-B", "priority": "Critical"}
{"incident_id": "D0BB780B", "timestamp": "2026-04-17T14:38:16.574163", "incident_type": "Hazmat", "zone": "Central", "severity": "low", "response_time": 2532.64, "unit_id": "UNIT-303", "hospital_id": "HOSP-A", "priority": "Standard"}
{"incident_id": "1A374B83", "timestamp": "2026-04-17T14:38:17.579384", "incident_type": "Fire", "zone": "East", "severity": "low", "response_time": 1996.16, "unit_id": "UNIT-202", "hospital_id": "HOSP-B", "priority": "Standard"}
{"incident_id": "8019B890", "timestamp": "2026-04-17T14:38:18.587228", "incident_type": "Police", "zone": "West", "severity": "low", "response_time": 3289.29, "unit_id": "UNIT-404", "hospital_id": "HOSP-B", "priority": "Standard"}
{"incident_id": "76DF5827", "timestamp": "2026-04-17T14:38:19.595183", "incident_type": "Hazmat", "zone": "Central", "severity": "medium", "response_time": 1613.23, "unit_id": "UNIT-101", "hospital_id": "HOSP-B", "priority": "Standard"}
{"incident_id": "805A3011", "timestamp": "2026-04-17T14:38:20.602893", "incident_type": "Hazmat", "zone": "Central", "severity": "medium", "response_time": 2326.96, "unit_id": "UNIT-505", "hospital_id": "HOSP-A", "priority": "Standard"}
{"incident_id": "5032B8FA", "timestamp": "2026-04-17T14:38:21.612502", "incident_type": "Fire", "zone": "North", "severity": "high", "response_time": 2332.86, "unit_id": "UNIT-101", "hospital_id": "HOSP-A", "priority": "Standard"}
{"incident_id": "06D0E8D5", "timestamp": "2026-04-17T14:38:22.622988", "incident_type": "Accident", "zone": "East", "severity": "medium", "response_time": 946.35, "unit_id": "UNIT-101", "hospital_id": "HOSP-B", "priority": "Standard"}
{"incident_id": "844AC3C6", "timestamp": "2026-04-17T14:38:23.632484", "incident_type": "Accident", "zone": "South", "severity": "medium", "response_time": 1989.52, "unit_id": "UNIT-101", "hospital_id": "HOSP-B", "priority": "Standard"}
{"incident_id": "0CD790D5", "timestamp": "2026-04-17T14:38:24.640270", "incident_type": "Medical", "zone": "North", "severity": "medium", "response_time": 726.33, "unit_id": "UNIT-303", "hospital_id": "HOSP-C", "priority": "Standard"}
{"incident_id": "D7139D26", "timestamp": "2026-04-17T14:38:25.650435", "incident_type": "Hazmat", "zone": "Central", "severity": "medium", "response_time": 3306.02, "unit_id": "UNIT-505", "hospital_id": "HOSP-C", "priority": "Standard"}
{"incident_id": "C2625444", "timestamp": "2026-04-17T14:38:26.660418", "incident_type": "Police", "zone": "South", "severity": "high", "response_time": 374.11, "unit_id": "UNIT-303", "hospital_id": "HOSP-B", "priority": "Standard"}
{"incident_id": "DFF67012", "timestamp": "2026-04-17T14:38:27.671787", "incident_type": "Hazmat", "zone": "North", "severity": "critical", "response_time": 2338.76, "unit_id": "UNIT-404", "hospital_id": "HOSP-B", "priority": "Critical"}
{"incident_id": "6FAC8E92", "timestamp": "2026-04-17T14:38:28.679401", "incident_type": "Hazmat", "zone": "East", "severity": "high", "response_time": 2868.09, "unit_id": "UNIT-202", "hospital_id": "HOSP-B", "priority": "Standard"}
{"incident_id": "A166E573", "timestamp": "2026-04-17T14:38:29.689715", "incident_type": "Police", "zone": "North", "severity": "high", "response_time": 1175.56, "unit_id": "UNIT-404", "hospital_id": "HOSP-B", "priority": "Standard"}
{"incident_id": "07A29ABF", "timestamp": "2026-04-17T14:38:30.696147", "incident_type": "Police", "zone": "Central", "severity": "critical", "response_time": 798.23, "unit_id": "UNIT-404", "hospital_id": "HOSP-B", "priority": "Critical"}
{"incident_id": "59AE91FE", "timestamp": "2026-04-17T14:38:31.705916", "incident_type": "Police", "zone": "South", "severity": "medium", "response_time": 2695.37, "unit_id": "UNIT-505", "hospital_id": "HOSP-C", "priority": "Standard"}
{"incident_id": "5ECC293F", "timestamp": "2026-04-17T14:38:32.713383", "incident_type": "Medical", "zone": "Central", "severity": "critical", "response_time": 1569.19, "unit_id": "UNIT-505", "hospital_id": "HOSP-A", "priority": "Critical"}
{"incident_id": "E4004458", "timestamp": "2026-04-17T14:38:33.720274", "incident_type": "Fire", "zone": "South", "severity": "high", "response_time": 127.09, "unit_id": "UNIT-303", "hospital_id": "HOSP-C", "priority": "Standard"}
{"incident_id": "9CEFB9D2", "timestamp": "2026-04-17T14:38:34.729038", "incident_type": "Police", "zone": "Central", "severity": "critical", "response_time": 1361.21, "unit_id": "UNIT-404", "hospital_id": "HOSP-A", "priority": "Critical"}
{"incident_id": "79B33C2C", "timestamp": "2026-04-17T14:38:35.737288", "incident_type": "Medical", "zone": "West", "severity": "high", "response_time": 1242.16, "unit_id": "UNIT-101", "hospital_id": "HOSP-B", "priority": "Standard"}
{"incident_id": "EE8DAFC1", "timestamp": "2026-04-17T14:38:36.744284", "incident_type": "Police", "zone": "West", "severity": "medium", "response_time": 3247.86, "unit_id": "UNIT-101", "hospital_id": "HOSP-C", "priority": "Standard"}
{"incident_id": "5C4CF3E3", "timestamp": "2026-04-17T14:38:37.755937", "incident_type": "Fire", "zone": "West", "severity": "medium", "response_time": 1012.19, "unit_id": "UNIT-202", "hospital_id": "HOSP-A", "priority": "Standard"}
{"incident_id": "BDD0D906", "timestamp": "2026-04-17T14:38:38.765882", "incident_type": "Police", "zone": "West", "severity": "low", "response_time": 1059.31, "unit_id": "UNIT-101", "hospital_id": "HOSP-C", "priority": "Standard"}
{"incident_id": "BBC468BD", "timestamp": "2026-04-17T14:38:39.775405", "incident_type": "Hazmat", "zone": "East", "severity": "critical", "response_time": 3180.06, "unit_id": "UNIT-101", "hospital_id": "HOSP-C", "priority": "Critical"}
{"incident_id": "5E2E4E16", "timestamp": "2026-04-17T14:38:40.786853", "incident_type": "Medical", "zone": "South", "severity": "medium", "response_time": 858.76, "unit_id": "UNIT-404", "hospital_id": "HOSP-C", "priority": "Standard"}
{"incident_id": "43663AC2", "timestamp": "2026-04-17T14:38:41.793369", "incident_type": "Medical", "zone": "North", "severity": "high", "response_time": 2811.27, "unit_id": "UNIT-404", "hospital_id": "HOSP-A", "priority": "Standard"}
{"incident_id": "1A4C8D7C", "timestamp": "2026-04-17T14:38:42.803147", "incident_type": "Medical", "zone": "South", "severity": "low", "response_time": 2060.55, "unit_id": "UNIT-505", "hospital_id": "HOSP-B", "priority": "Standard"}
{"incident_id": "64A0A49C", "timestamp": "2026-04-17T14:38:43.812293", "incident_type": "Police", "zone": "South", "severity": "high", "response_time": 3074.04, "unit_id": "UNIT-202", "hospital_id": "HOSP-A", "priority": "Standard"}
{"incident_id": "7287FE21", "timestamp": "2026-04-17T14:38:44.822082", "incident_type": "Police", "zone": "North", "severity": "high", "response_time": 1335.61, "unit_id": "UNIT-101", "hospital_id": "HOSP-B", "priority": "Standard"}
{"incident_id": "73301090", "timestamp": "2026-04-17T14:38:45.830926", "incident_type": "Hazmat", "zone": "South", "severity": "medium", "response_time": 2905.03, "unit_id": "UNIT-404", "hospital_id": "HOSP-B", "priority": "Standard"}
{"incident_id": "B0D74AEF", "timestamp": "2026-04-17T14:38:46.840777", "incident_type": "Hazmat", "zone": "North", "severity": "low", "response_time": 1902.71, "unit_id": "UNIT-101", "hospital_id": "HOSP-A", "priority": "Standard"}
{"incident_id": "731C1942", "timestamp": "2026-04-17T14:38:47.849853", "incident_type": "Medical", "zone": "South", "severity": "high", "response_time": 2843.09, "unit_id": "UNIT-404", "hospital_id": "HOSP-A", "priority": "Standard"}
{"incident_id": "D0296496", "timestamp": "2026-04-17T14:38:48.860125", "incident_type": "Accident", "zone": "West", "severity": "medium", "response_time": 1732.04, "unit_id": "UNIT-505", "hospital_id": "HOSP-B", "priority": "Standard"}
{"incident_id": "A2044697", "timestamp": "2026-04-17T14:38:49.871326", "incident_type": "Medical", "zone": "South", "severity": "low", "response_time": 2585.8, "unit_id": "UNIT-505", "hospital_id": "HOSP-B", "priority": "Standard"}
{"incident_id": "B70A6D84", "timestamp": "2026-04-17T14:38:50.880200", "incident_type": "Police", "zone": "South", "severity": "medium", "response_time": 995.27, "unit_id": "UNIT-202", "hospital_id": "HOSP-B", "priority": "Standard"}
{"incident_id": "7792519C", "timestamp": "2026-04-17T14:38:51.889740", "incident_type": "Hazmat", "zone": "East", "severity": "critical", "response_time": 238.43, "unit_id": "UNIT-404", "hospital_id": "HOSP-C", "priority": "Critical"}
{"incident_id": "832E69BD", "timestamp": "2026-04-17T14:38:52.895696", "incident_type": "Accident", "zone": "East", "severity": "low", "response_time": 3457.68, "unit_id": "UNIT-505", "hospital_id": "HOSP-A", "priority": "Standard"}
{"incident_id": "73CBEB11", "timestamp": "2026-04-17T14:38:53.901183", "incident_type": "Fire", "zone": "South", "severity": "high", "response_time": 2496.05, "unit_id": "UNIT-303", "hospital_id": "HOSP-A", "priority": "Standard"}
{"incident_id": "C71765D6", "timestamp": "2026-04-17T14:38:54.909485", "incident_type": "Hazmat", "zone": "East", "severity": "high", "response_time": 916.66, "unit_id": "UNIT-404", "hospital_id": "HOSP-B", "priority": "Standard"}
{"incident_id": "DFC95C2C", "timestamp": "2026-04-17T14:38:55.918920", "incident_type": "Police", "zone": "East", "severity": "high", "response_time": 3177.95, "unit_id": "UNIT-303", "hospital_id": "HOSP-A", "priority": "Standard"}
{"incident_id": "B7C93B0C", "timestamp": "2026-04-17T14:38:56.925550", "incident_type": "Hazmat", "zone": "East", "severity": "critical", "response_time": 1514.91, "unit_id": "UNIT-101", "hospital_id": "HOSP-C", "priority": "Critical"}
{"incident_id": "61FE12E8", "timestamp": "2026-04-17T14:38:57.934271", "incident_type": "Medical", "zone": "South", "severity": "low", "response_time": 966.3, "unit_id": "UNIT-202", "hospital_id": "HOSP-B", "priority": "Standard"}
{"incident_id": "F32F02D8", "timestamp": "2026-04-17T14:38:58.941497", "incident_type": "Medical", "zone": "Central", "severity": "critical", "response_time": 3415.82, "unit_id": "UNIT-505", "hospital_id": "HOSP-C", "priority": "Critical"}
{"incident_id": "DA325A36", "timestamp": "2026-04-17T14:38:59.949906", "incident_type": "Police", "zone": "South", "severity": "low", "response_time": 2110.97, "unit_id": "UNIT-101", "hospital_id": "HOSP-C", "priority": "Standard"}
{"incident_id": "013E59E4", "timestamp": "2026-04-17T14:39:00.958590", "incident_type": "Police", "zone": "North", "severity": "medium", "response_time": 1702.21, "unit_id": "UNIT-303", "hospital_id": "HOSP-B", "priority": "Standard"}
{"incident_id": "9A278719", "timestamp": "2026-04-17T14:39:01.968467", "incident_type": "Medical", "zone": "East", "severity": "medium", "response_time": 3476.66, "unit_id": "UNIT-303", "hospital_id": "HOSP-A", "priority": "Standard"}
{"incident_id": "04C0E474", "timestamp": "2026-04-17T14:39:02.975964", "incident_type": "Medical", "zone": "East", "severity": "critical", "response_time": 1441.15, "unit_id": "UNIT-505", "hospital_id": "HOSP-C", "priority": "Critical"}
{"incident_id": "5AEC02EF", "timestamp": "2026-04-17T14:39:03.986397", "incident_type": "Accident", "zone": "West", "severity": "low", "response_time": 3386.98, "unit_id": "UNIT-101", "hospital_id": "HOSP-C", "priority": "Standard"}
{"incident_id": "7BA203FF", "timestamp": "2026-04-17T14:39:04.992185", "incident_type": "Accident", "zone": "East", "severity": "medium", "response_time": 3031.68, "unit_id": "UNIT-404", "hospital_id": "HOSP-C", "priority": "Standard"}
{"incident_id": "3EE087BC", "timestamp": "2026-04-17T14:39:05.999723", "incident_type": "Hazmat", "zone": "North", "severity": "medium", "response_time": 1866.54, "unit_id": "UNIT-303", "hospital_id": "HOSP-B", "priority": "Standard"}
{"incident_id": "78A53CEF", "timestamp": "2026-04-17T14:39:07.007461", "incident_type": "Accident", "zone": "Central", "severity": "high", "response_time": 3483.1, "unit_id": "UNIT-505", "hospital_id": "HOSP-B", "priority": "Standard"}
{"incident_id": "860DC3A8", "timestamp": "2026-04-17T14:39:08.015920", "incident_type": "Police", "zone": "East", "severity": "critical", "response_time": 1538.52, "unit_id": "UNIT-101", "hospital_id": "HOSP-A", "priority": "Critical"}
{"incident_id": "28140362", "timestamp": "2026-04-17T14:39:09.023819", "incident_type": "Fire", "zone": "North", "severity": "high", "response_time": 2720.57, "unit_id": "UNIT-303", "hospital_id": "HOSP-B", "priority": "Standard"}
{"incident_id": "D064467F", "timestamp": "2026-04-17T14:39:10.033939", "incident_type": "Accident", "zone": "Central", "severity": "critical", "response_time": 775.65, "unit_id": "UNIT-303", "hospital_id": "HOSP-C", "priority": "Critical"}
{"incident_id": "4CCEA04F", "timestamp": "2026-04-17T14:39:11.040957", "incident_type": "Fire", "zone": "South", "severity": "critical", "response_time": 2207.77, "unit_id": "UNIT-505", "hospital_id": "HOSP-A", "priority": "Critical"}
{"incident_id": "E73BEBBB", "timestamp": "2026-04-17T14:39:12.050496", "incident_type": "Accident", "zone": "West", "severity": "medium", "response_time": 3469.79, "unit_id": "UNIT-303", "hospital_id": "HOSP-C", "priority": "Standard"}
{"incident_id": "5FC62368", "timestamp": "2026-04-17T14:39:13.057849", "incident_type": "Hazmat", "zone": "South", "severity": "medium", "response_time": 960.27, "unit_id": "UNIT-303", "hospital_id": "HOSP-A", "priority": "Standard"}
{"incident_id": "90BFEFF4", "timestamp": "2026-04-17T14:39:14.067584", "incident_type": "Hazmat", "zone": "East", "severity": "high", "response_time": 1201.65, "unit_id": "UNIT-101", "hospital_id": "HOSP-C", "priority": "Standard"}
{"incident_id": "127346D8", "timestamp": "2026-04-17T14:39:15.071862", "incident_type": "Fire", "zone": "North", "severity": "critical", "response_time": 2357.71, "unit_id": "UNIT-505", "hospital_id": "HOSP-A", "priority": "Critical"}
{"incident_id": "2EFC27EC", "timestamp": "2026-04-17T14:39:16.078527", "incident_type": "Accident", "zone": "Central", "severity": "high", "response_time": 3129.22, "unit_id": "UNIT-303", "hospital_id": "HOSP-C", "priority": "Standard"}
{"incident_id": "90075416", "timestamp": "2026-04-17T14:39:17.090804", "incident_type": "Hazmat", "zone": "North", "severity": "low", "response_time": 2237.21, "unit_id": "UNIT-303", "hospital_id": "HOSP-C", "priority": "Standard"}
{"incident_id": "0489A3C0", "timestamp": "2026-04-17T14:39:18.098509", "incident_type": "Medical", "zone": "South", "severity": "high", "response_time": 3333.96, "unit_id": "UNIT-101", "hospital_id": "HOSP-B", "priority": "Standard"}
{"incident_id": "E15E86CA", "timestamp": "2026-04-17T14:39:19.104721", "incident_type": "Medical", "zone": "South", "severity": "low", "response_time": 1702.69, "unit_id": "UNIT-202", "hospital_id": "HOSP-C", "priority": "Standard"}
{"incident_id": "43A57A1E", "timestamp": "2026-04-17T14:39:20.112348", "incident_type": "Police", "zone": "East", "severity": "critical", "response_time": 244.54, "unit_id": "UNIT-404", "hospital_id": "HOSP-B", "priority": "Critical"}
{"incident_id": "59D3DFA0", "timestamp": "2026-04-17T14:39:21.121463", "incident_type": "Accident", "zone": "West", "severity": "high", "response_time": 2065.31, "unit_id": "UNIT-505", "hospital_id": "HOSP-C", "priority": "Standard"}
{"incident_id": "12049A39", "timestamp": "2026-04-17T14:39:22.129238", "incident_type": "Medical", "zone": "East", "severity": "low", "response_time": 2536.81, "unit_id": "UNIT-303", "hospital_id": "HOSP-C", "priority": "Standard"}
{"incident_id": "E44355DD", "timestamp": "2026-04-17T14:39:23.137783", "incident_type": "Medical", "zone": "East", "severity": "high", "response_time": 773.38, "unit_id": "UNIT-303", "hospital_id": "HOSP-C", "priority": "Standard"}
{"incident_id": "7B8C6471", "timestamp": "2026-04-17T14:39:24.144217", "incident_type": "Hazmat", "zone": "North", "severity": "low", "response_time": 1603.24, "unit_id": "UNIT-202", "hospital_id": "HOSP-B", "priority": "Standard"}
{"incident_id": "7BA2C0C1", "timestamp": "2026-04-17T14:39:25.154121", "incident_type": "Medical", "zone": "South", "severity": "high", "response_time": 1844.09, "unit_id": "UNIT-101", "hospital_id": "HOSP-C", "priority": "Standard"}
{"incident_id": "3CA22317", "timestamp": "2026-04-17T14:39:26.159741", "incident_type": "Medical", "zone": "North", "severity": "low", "response_time": 3173.83, "unit_id": "UNIT-505", "hospital_id": "HOSP-B", "priority": "Standard"}
{"incident_id": "7B92C4F0", "timestamp": "2026-04-17T14:39:27.166755", "incident_type": "Accident", "zone": "North", "severity": "critical", "response_time": 3385.62, "unit_id": "UNIT-101", "hospital_id": "HOSP-C", "priority": "Critical"}
{"incident_id": "AFCE6770", "timestamp": "2026-04-17T14:39:28.173613", "incident_type": "Medical", "zone": "North", "severity": "low", "response_time": 3044.05, "unit_id": "UNIT-202", "hospital_id": "HOSP-B", "priority": "Standard"}
{"incident_id": "5DACF703", "timestamp": "2026-04-17T14:39:29.179696", "incident_type": "Hazmat", "zone": "Central", "severity": "low", "response_time": 3465.51, "unit_id": "UNIT-505", "hospital_id": "HOSP-B", "priority": "Standard"}
{"incident_id": "FDC3E188", "timestamp": "2026-04-17T14:39:30.184628", "incident_type": "Fire", "zone": "North", "severity": "medium", "response_time": 380.38, "unit_id": "UNIT-101", "hospital_id": "HOSP-B", "priority": "Standard"}
{"incident_id": "6EF0BD9F", "timestamp": "2026-04-17T14:39:31.188040", "incident_type": "Medical", "zone": "North", "severity": "medium", "response_time": 3243.94, "unit_id": "UNIT-505", "hospital_id": "HOSP-A", "priority": "Standard"}
{"incident_id": "8E9FC647", "timestamp": "2026-04-17T14:39:32.193557", "incident_type": "Police", "zone": "Central", "severity": "critical", "response_time": 1203.65, "unit_id": "UNIT-202", "hospital_id": "HOSP-C", "priority": "Critical"}
{"incident_id": "8B9344D9", "timestamp": "2026-04-17T14:39:33.199881", "incident_type": "Fire", "zone": "East", "severity": "low", "response_time": 2548.29, "unit_id": "UNIT-505", "hospital_id": "HOSP-B", "priority": "Standard"}
{"incident_id": "B7345FC2", "timestamp": "2026-04-17T14:39:34.206795", "incident_type": "Fire", "zone": "North", "severity": "critical", "response_time": 2198.62, "unit_id": "UNIT-505", "hospital_id": "HOSP-C", "priority": "Critical"}
{"incident_id": "8F15084A", "timestamp": "2026-04-17T14:39:35.212902", "incident_type": "Police", "zone": "North", "severity": "high", "response_time": 1924.7, "unit_id": "UNIT-303", "hospital_id": "HOSP-A", "priority": "Standard"}
{"incident_id": "AA69BE70", "timestamp": "2026-04-17T14:39:36.218408", "incident_type": "Police", "zone": "South", "severity": "medium", "response_time": 2150.42, "unit_id": "UNIT-101", "hospital_id": "HOSP-C", "priority": "Standard"}
{"incident_id": "49E8E7F3", "timestamp": "2026-04-17T14:39:37.225375", "incident_type": "Medical", "zone": "West", "severity": "medium", "response_time": 3059.45, "unit_id": "UNIT-101", "hospital_id": "HOSP-C", "priority": "Standard"}
{"incident_id": "2B48AC9C", "timestamp": "2026-04-17T14:39:38.236433", "incident_type": "Police", "zone": "North", "severity": "high", "response_time": 3155.22, "unit_id": "UNIT-202", "hospital_id": "HOSP-A", "priority": "Standard"}
{"incident_id": "5EACF8AC", "timestamp": "2026-04-17T14:39:39.242327", "incident_type": "Hazmat", "zone": "East", "severity": "low", "response_time": 2734.63, "unit_id": "UNIT-505", "hospital_id": "HOSP-B", "priority": "Standard"}
{"incident_id": "A4EC7361", "timestamp": "2026-04-17T14:39:40.250077", "incident_type": "Medical", "zone": "North", "severity": "critical", "response_time": 208.89, "unit_id": "UNIT-404", "hospital_id": "HOSP-C", "priority": "Critical"}
{"incident_id": "9338C841", "timestamp": "2026-04-17T14:39:41.255917", "incident_type": "Police", "zone": "North", "severity": "low", "response_time": 403.49, "unit_id": "UNIT-101", "hospital_id": "HOSP-C", "priority": "Standard"}
{"incident_id": "53D7DF39", "timestamp": "2026-04-17T14:39:42.261077", "incident_type": "Medical", "zone": "West", "severity": "critical", "response_time": 1078.09, "unit_id": "UNIT-404", "hospital_id": "HOSP-C", "priority": "Critical"}
{"incident_id": "B5789FEF", "timestamp": "2026-04-17T14:39:43.273425", "incident_type": "Fire", "zone": "West", "severity": "critical", "response_time": 2980.01, "unit_id": "UNIT-303", "hospital_id": "HOSP-B", "priority": "Critical"}
{"incident_id": "C07087CF", "timestamp": "2026-04-17T14:39:44.285046", "incident_type": "Hazmat", "zone": "South", "severity": "high", "response_time": 2448.27, "unit_id": "UNIT-101", "hospital_id": "HOSP-C", "priority": "Standard"}
{"incident_id": "3140E37A", "timestamp": "2026-04-17T14:39:45.292820", "incident_type": "Hazmat", "zone": "North", "severity": "high", "response_time": 1555.55, "unit_id": "UNIT-202", "hospital_id": "HOSP-C", "priority": "Standard"}
{"incident_id": "AD23ECC2", "timestamp": "2026-04-17T14:39:46.299220", "incident_type": "Fire", "zone": "East", "severity": "critical", "response_time": 1336.99, "unit_id": "UNIT-303", "hospital_id": "HOSP-A", "priority": "Critical"}
{"incident_id": "5D2A6804", "timestamp": "2026-04-17T14:39:47.306679", "incident_type": "Accident", "zone": "North", "severity": "critical", "response_time": 162.69, "unit_id": "UNIT-303", "hospital_id": "HOSP-C", "priority": "Critical"}
{"incident_id": "3F0A6445", "timestamp": "2026-04-17T14:39:48.312308", "incident_type": "Medical", "zone": "East", "severity": "critical", "response_time": 1607.38, "unit_id": "UNIT-505", "hospital_id": "HOSP-B", "priority": "Critical"}
{"incident_id": "ECE9212E", "timestamp": "2026-04-17T14:39:49.318362", "incident_type": "Accident", "zone": "South", "severity": "low", "response_time": 1831.06, "unit_id": "UNIT-202", "hospital_id": "HOSP-C", "priority": "Standard"}
{"incident_id": "E89C3066", "timestamp": "2026-04-17T14:39:50.327049", "incident_type": "Medical", "zone": "South", "severity": "high", "response_time": 1370.86, "unit_id": "UNIT-101", "hospital_id": "HOSP-C", "priority": "Standard"}
{"incident_id": "410F6665", "timestamp": "2026-04-17T14:39:51.334101", "incident_type": "Police", "zone": "Central", "severity": "medium", "response_time": 3281.08, "unit_id": "UNIT-303", "hospital_id": "HOSP-A", "priority": "Standard"}
{"incident_id": "610B9063", "timestamp": "2026-04-17T14:39:52.340709", "incident_type": "Medical", "zone": "West", "severity": "high", "response_time": 3324.46, "unit_id": "UNIT-101", "hospital_id": "HOSP-C", "priority": "Standard"}
{"incident_id": "AF5FFE72", "timestamp": "2026-04-17T14:39:53.351180", "incident_type": "Hazmat", "zone": "South", "severity": "critical", "response_time": 350.71, "unit_id": "UNIT-404", "hospital_id": "HOSP-A", "priority": "Critical"}
{"incident_id": "CE157FC2", "timestamp": "2026-04-17T14:39:54.358326", "incident_type": "Hazmat", "zone": "East", "severity": "high", "response_time": 901.4, "unit_id": "UNIT-505", "hospital_id": "HOSP-A", "priority": "Standard"}
{"incident_id": "CFC72BA6", "timestamp": "2026-04-17T14:39:55.365851", "incident_type": "Medical", "zone": "South", "severity": "high", "response_time": 3394.66, "unit_id": "UNIT-202", "hospital_id": "HOSP-A", "priority": "Standard"}
{"incident_id": "54505944", "timestamp": "2026-04-17T14:39:56.370685", "incident_type": "Fire", "zone": "North", "severity": "high", "response_time": 2435.41, "unit_id": "UNIT-505", "hospital_id": "HOSP-C", "priority": "Standard"}
{"incident_id": "981462DE", "timestamp": "2026-04-17T14:39:57.376771", "incident_type": "Accident", "zone": "North", "severity": "low", "response_time": 967.74, "unit_id": "UNIT-202", "hospital_id": "HOSP-C", "priority": "Standard"}
{"incident_id": "4B546DF6", "timestamp": "2026-04-17T14:39:58.385132", "incident_type": "Medical", "zone": "Central", "severity": "critical", "response_time": 3020.07, "unit_id": "UNIT-505", "hospital_id": "HOSP-B", "priority": "Critical"}
{"incident_id": "54B98F49", "timestamp": "2026-04-17T14:39:59.390628", "incident_type": "Fire", "zone": "West", "severity": "high", "response_time": 2557.27, "unit_id": "UNIT-101", "hospital_id": "HOSP-B", "priority": "Standard"}
{"incident_id": "6C1F8F43", "timestamp": "2026-04-17T14:40:00.399818", "incident_type": "Accident", "zone": "South", "severity": "medium", "response_time": 2388.1, "unit_id": "UNIT-303", "hospital_id": "HOSP-B", "priority": "Standard"}
{"incident_id": "D379A4B9", "timestamp": "2026-04-17T14:57:10.831832", "incident_type": "Fire", "zone": "West", "severity": "high", "response_time": 2283.22, "unit_id": "UNIT-505", "hospital_id": "HOSP-B", "priority": "Standard"}
{"incident_id": "1C9357AF", "timestamp": "2026-04-17T14:57:11.991801", "incident_type": "Accident", "zone": "Central", "severity": "medium", "response_time": 2523.15, "unit_id": "UNIT-404", "hospital_id": "HOSP-A", "priority": "Standard"}
{"incident_id": "81DD38A8", "timestamp": "2026-04-17T14:57:13.000142", "incident_type": "Accident", "zone": "East", "severity": "critical", "response_time": 2055.29, "unit_id": "UNIT-505", "hospital_id": "HOSP-B", "priority": "Critical"}
{"incident_id": "753B280A", "timestamp": "2026-04-17T15:05:14.233361", "incident_type": "Police", "zone": "West", "severity": "critical", "response_time": 1352.59, "unit_id": "UNIT-404", "hospital_id": "HOSP-C", "priority": "Critical"}
{"incident_id": "C4353195", "timestamp": "2026-04-17T15:05:15.352972", "incident_type": "Police", "zone": "North", "severity": "low", "response_time": 1432.28, "unit_id": "UNIT-303", "hospital_id": "HOSP-C", "priority": "Standard"}
{"incident_id": "15DF7FEA", "timestamp": "2026-04-17T15:05:16.358842", "incident_type": "Medical", "zone": "South", "severity": "critical", "response_time": 2771.64, "unit_id": "UNIT-303", "hospital_id": "HOSP-C", "priority": "Critical"}
{"incident_id": "547CBB16", "timestamp": "2026-04-17T15:05:17.364605", "incident_type": "Hazmat", "zone": "Central", "severity": "high", "response_time": 488.74, "unit_id": "UNIT-101", "hospital_id": "HOSP-A", "priority": "Standard"}
{"incident_id": "02DD6144", "timestamp": "2026-04-17T15:05:18.370681", "incident_type": "Accident", "zone": "West", "severity": "low", "response_time": 319.24, "unit_id": "UNIT-202", "hospital_id": "HOSP-B", "priority": "Standard"}
{"incident_id": "CE49BA3F", "timestamp": "2026-04-17T15:05:19.380058", "incident_type": "Hazmat", "zone": "West", "severity": "critical", "response_time": 1536.82, "unit_id": "UNIT-404", "hospital_id": "HOSP-B", "priority": "Critical"}
{"incident_id": "6720C94C", "timestamp": "2026-04-17T15:10:12.963741", "incident_type": "Police", "zone": "East", "severity": "high", "response_time": 298.0, "unit_id": "UNIT-101", "hospital_id": "HOSP-A", "priority": "Standard"}
{"incident_id": "5BFC3DA9", "timestamp": "2026-04-17T15:10:14.096286", "incident_type": "Fire", "zone": "East", "severity": "medium", "response_time": 1531.44, "unit_id": "UNIT-303", "hospital_id": "HOSP-A", "priority": "Standard"}
{"incident_id": "FBBE460D", "timestamp": "2026-04-17T15:10:15.103977", "incident_type": "Medical", "zone": "East", "severity": "critical", "response_time": 683.04, "unit_id": "UNIT-101", "hospital_id": "HOSP-C", "priority": "Critical"}
{"incident_id": "685E0FEC", "timestamp": "2026-04-17T15:10:16.110158", "incident_type": "Hazmat", "zone": "South", "severity": "critical", "response_time": 1734.02, "unit_id": "UNIT-404", "hospital_id": "HOSP-A", "priority": "Critical"}
{"incident_id": "2AC44494", "timestamp": "2026-04-17T15:10:17.118340", "incident_type": "Medical", "zone": "East", "severity": "high", "response_time": 1671.11, "unit_id": "UNIT-404", "hospital_id": "HOSP-C", "priority": "Standard"}
{"incident_id": "E932AC44", "timestamp": "2026-04-17T15:10:18.127994", "incident_type": "Medical", "zone": "North", "severity": "high", "response_time": 1371.66, "unit_id": "UNIT-202", "hospital_id": "HOSP-A", "priority": "Standard"}
{"incident_id": "3790B9FA", "timestamp": "2026-04-17T15:10:19.134864", "incident_type": "Fire", "zone": "North", "severity": "critical", "response_time": 2129.98, "unit_id": "UNIT-202", "hospital_id": "HOSP-B", "priority": "Critical"}
{"incident_id": "3B7BAD38", "timestamp": "2026-04-17T15:10:20.143612", "incident_type": "Medical", "zone": "South", "severity": "critical", "response_time": 662.11, "unit_id": "UNIT-202", "hospital_id": "HOSP-A", "priority": "Critical"}
{"incident_id": "6360DB2D", "timestamp": "2026-04-17T15:10:21.150608", "incident_type": "Accident", "zone": "West", "severity": "high", "response_time": 2559.29, "unit_id": "UNIT-101", "hospital_id": "HOSP-B", "priority": "Standard"}
{"incident_id": "C444E469", "timestamp": "2026-04-17T15:10:22.157781", "incident_type": "Police", "zone": "Central", "severity": "high", "response_time": 247.51, "unit_id": "UNIT-303", "hospital_id": "HOSP-A", "priority": "Standard"}
{"incident_id": "29AD63C1", "timestamp": "2026-04-17T15:10:23.165934", "incident_type": "Accident", "zone": "East", "severity": "critical", "response_time": 956.67, "unit_id": "UNIT-303", "hospital_id": "HOSP-C", "priority": "Critical"}
{"incident_id": "41E83D50", "timestamp": "2026-04-17T15:10:24.173421", "incident_type": "Medical", "zone": "Central", "severity": "medium", "response_time": 3126.67, "unit_id": "UNIT-303", "hospital_id": "HOSP-A", "priority": "Standard"}
{"incident_id": "BF22C9A4", "timestamp": "2026-04-17T15:10:25.180487", "incident_type": "Hazmat", "zone": "South", "severity": "low", "response_time": 687.9, "unit_id": "UNIT-202", "hospital_id": "HOSP-C", "priority": "Standard"}
{"incident_id": "006A2876", "timestamp": "2026-04-17T15:10:26.187566", "incident_type": "Hazmat", "zone": "Central", "severity": "low", "response_time": 3136.3, "unit_id": "UNIT-505", "hospital_id": "HOSP-A", "priority": "Standard"}
{"incident_id": "FBED43EA", "timestamp": "2026-04-17T15:10:27.198687", "incident_type": "Medical", "zone": "North", "severity": "high", "response_time": 2966.54, "unit_id": "UNIT-303", "hospital_id": "HOSP-C", "priority": "Standard"}
{"incident_id": "A48A2409", "timestamp": "2026-04-17T15:10:28.210346", "incident_type": "Hazmat", "zone": "North", "severity": "high", "response_time": 2500.77, "unit_id": "UNIT-404", "hospital_id": "HOSP-B", "priority": "Standard"}
{"incident_id": "61CDADA5", "timestamp": "2026-04-17T15:10:29.218561", "incident_type": "Hazmat", "zone": "Central", "severity": "medium", "response_time": 641.64, "unit_id": "UNIT-101", "hospital_id": "HOSP-A", "priority": "Standard"}
{"incident_id": "D2B6230A", "timestamp": "2026-04-17T15:10:30.226348", "incident_type": "Fire", "zone": "North", "severity": "medium", "response_time": 465.23, "unit_id": "UNIT-505", "hospital_id": "HOSP-A", "priority": "Standard"}
{"incident_id": "E88615BE", "timestamp": "2026-04-17T15:10:31.234778", "incident_type": "Police", "zone": "Central", "severity": "low", "response_time": 1046.42, "unit_id": "UNIT-202", "hospital_id": "HOSP-A", "priority": "Standard"}
{"incident_id": "D5EFDD6A", "timestamp": "2026-04-17T15:10:32.245075", "incident_type": "Accident", "zone": "South", "severity": "medium", "response_time": 2807.29, "unit_id": "UNIT-303", "hospital_id": "HOSP-C", "priority": "Standard"}
{"incident_id": "8B309AEA", "timestamp": "2026-04-17T15:10:33.252434", "incident_type": "Police", "zone": "South", "severity": "high", "response_time": 189.39, "unit_id": "UNIT-101", "hospital_id": "HOSP-A", "priority": "Standard"}
{"incident_id": "F61181E3", "timestamp": "2026-04-17T15:10:34.259603", "incident_type": "Police", "zone": "Central", "severity": "low", "response_time": 2388.65, "unit_id": "UNIT-505", "hospital_id": "HOSP-B", "priority": "Standard"}
{"incident_id": "8CB3C976", "timestamp": "2026-04-17T15:10:35.267708", "incident_type": "Accident", "zone": "East", "severity": "low", "response_time": 2803.78, "unit_id": "UNIT-303", "hospital_id": "HOSP-C", "priority": "Standard"}
